mode: atomic
github.com/vinymeuh/chardevgpio/chardevgpio.go:28.41,30.16 2 17
github.com/vinymeuh/chardevgpio/chardevgpio.go:34.2,37.16 4 16
github.com/vinymeuh/chardevgpio/chardevgpio.go:40.2,40.15 1 15
github.com/vinymeuh/chardevgpio/chardevgpio.go:30.16,32.3 1 1
github.com/vinymeuh/chardevgpio/chardevgpio.go:37.16,39.3 1 1
github.com/vinymeuh/chardevgpio/chardevgpio.go:44.29,46.2 1 1
github.com/vinymeuh/chardevgpio/chardevgpio.go:49.30,51.2 1 1
github.com/vinymeuh/chardevgpio/chardevgpio.go:54.27,56.2 1 12
github.com/vinymeuh/chardevgpio/chardevgpio.go:59.29,61.2 1 16
github.com/vinymeuh/chardevgpio/chardevgpio.go:64.54,68.16 4 18
github.com/vinymeuh/chardevgpio/chardevgpio.go:71.2,71.16 1 17
github.com/vinymeuh/chardevgpio/chardevgpio.go:68.16,70.3 1 1
github.com/vinymeuh/chardevgpio/chardevgpio.go:75.33,77.2 1 10
github.com/vinymeuh/chardevgpio/chardevgpio.go:80.34,82.2 1 10
github.com/vinymeuh/chardevgpio/chardevgpio.go:85.38,87.2 1 7
github.com/vinymeuh/chardevgpio/chardevgpio.go:90.36,92.2 1 4
github.com/vinymeuh/chardevgpio/chardevgpio.go:95.35,97.2 1 2
github.com/vinymeuh/chardevgpio/chardevgpio.go:100.39,102.2 1 7
github.com/vinymeuh/chardevgpio/chardevgpio.go:105.40,107.2 1 6
github.com/vinymeuh/chardevgpio/chardevgpio.go:110.39,112.2 1 7
github.com/vinymeuh/chardevgpio/chardevgpio.go:115.40,117.2 1 7
github.com/vinymeuh/chardevgpio/chardevgpio.go:120.36,122.2 1 0
github.com/vinymeuh/chardevgpio/chardevgpio.go:125.40,127.2 1 0
github.com/vinymeuh/chardevgpio/chardevgpio.go:130.42,132.2 1 0
github.com/vinymeuh/chardevgpio/chardevgpio.go:135.78,136.31 1 14
github.com/vinymeuh/chardevgpio/chardevgpio.go:140.2,143.25 3 13
github.com/vinymeuh/chardevgpio/chardevgpio.go:148.2,148.11 1 13
github.com/vinymeuh/chardevgpio/chardevgpio.go:136.31,137.94 1 1
github.com/vinymeuh/chardevgpio/chardevgpio.go:143.25,146.3 2 19
github.com/vinymeuh/chardevgpio/chardevgpio.go:152.71,155.2 2 2
github.com/vinymeuh/chardevgpio/chardevgpio.go:159.70,160.32 1 3
github.com/vinymeuh/chardevgpio/chardevgpio.go:164.2,164.26 1 2
github.com/vinymeuh/chardevgpio/chardevgpio.go:167.2,167.11 1 2
github.com/vinymeuh/chardevgpio/chardevgpio.go:160.32,161.93 1 1
github.com/vinymeuh/chardevgpio/chardevgpio.go:164.26,166.3 1 5
github.com/vinymeuh/chardevgpio/chardevgpio.go:171.58,173.16 2 13
github.com/vinymeuh/chardevgpio/chardevgpio.go:176.2,176.12 1 12
github.com/vinymeuh/chardevgpio/chardevgpio.go:173.16,175.3 1 1
github.com/vinymeuh/chardevgpio/chardevgpio.go:182.53,183.45 1 4
github.com/vinymeuh/chardevgpio/chardevgpio.go:187.2,189.16 3 3
github.com/vinymeuh/chardevgpio/chardevgpio.go:193.2,193.24 1 3
github.com/vinymeuh/chardevgpio/chardevgpio.go:183.45,185.3 1 1
github.com/vinymeuh/chardevgpio/chardevgpio.go:189.16,191.3 1 0
github.com/vinymeuh/chardevgpio/chardevgpio.go:194.9,195.58 1 0
github.com/vinymeuh/chardevgpio/chardevgpio.go:196.10,198.28 2 3
github.com/vinymeuh/chardevgpio/chardevgpio.go:201.3,201.32 1 3
github.com/vinymeuh/chardevgpio/chardevgpio.go:198.28,200.4 1 192
github.com/vinymeuh/chardevgpio/chardevgpio.go:207.65,208.48 1 4
github.com/vinymeuh/chardevgpio/chardevgpio.go:212.2,214.24 3 3
github.com/vinymeuh/chardevgpio/chardevgpio.go:221.2,222.16 2 3
github.com/vinymeuh/chardevgpio/chardevgpio.go:225.2,225.12 1 3
github.com/vinymeuh/chardevgpio/chardevgpio.go:208.48,210.3 1 1
github.com/vinymeuh/chardevgpio/chardevgpio.go:214.24,215.27 1 6
github.com/vinymeuh/chardevgpio/chardevgpio.go:218.3,218.37 1 6
github.com/vinymeuh/chardevgpio/chardevgpio.go:215.27,216.9 1 0
github.com/vinymeuh/chardevgpio/chardevgpio.go:222.16,224.3 1 0
github.com/vinymeuh/chardevgpio/chardevgpio.go:229.39,231.2 1 12
github.com/vinymeuh/chardevgpio/chardevgpio.go:240.44,243.2 2 1
github.com/vinymeuh/chardevgpio/chardevgpio.go:246.38,248.29 2 1
github.com/vinymeuh/chardevgpio/chardevgpio.go:251.2,251.12 1 1
github.com/vinymeuh/chardevgpio/chardevgpio.go:248.29,250.3 1 1
github.com/vinymeuh/chardevgpio/chardevgpio.go:255.97,264.16 3 1
github.com/vinymeuh/chardevgpio/chardevgpio.go:268.2,274.89 5 1
github.com/vinymeuh/chardevgpio/chardevgpio.go:277.2,279.12 2 1
github.com/vinymeuh/chardevgpio/chardevgpio.go:264.16,266.3 1 0
github.com/vinymeuh/chardevgpio/chardevgpio.go:274.89,276.3 1 0
github.com/vinymeuh/chardevgpio/chardevgpio.go:283.46,285.6 2 0
github.com/vinymeuh/chardevgpio/chardevgpio.go:285.6,287.17 2 0
github.com/vinymeuh/chardevgpio/chardevgpio.go:294.3,295.34 2 0
github.com/vinymeuh/chardevgpio/chardevgpio.go:287.17,288.25 1 0
github.com/vinymeuh/chardevgpio/chardevgpio.go:291.4,291.23 1 0
github.com/vinymeuh/chardevgpio/chardevgpio.go:288.25,289.13 1 0
github.com/vinymeuh/chardevgpio/chardevgpio.go:295.34,297.18 2 0
github.com/vinymeuh/chardevgpio/chardevgpio.go:300.4,300.23 1 0
github.com/vinymeuh/chardevgpio/chardevgpio.go:297.18,299.5 1 0
github.com/vinymeuh/chardevgpio/chardevgpio.go:310.68,312.6 2 0
github.com/vinymeuh/chardevgpio/chardevgpio.go:312.6,314.17 2 0
github.com/vinymeuh/chardevgpio/chardevgpio.go:321.3,321.32 1 0
github.com/vinymeuh/chardevgpio/chardevgpio.go:314.17,315.25 1 0
github.com/vinymeuh/chardevgpio/chardevgpio.go:318.4,318.14 1 0
github.com/vinymeuh/chardevgpio/chardevgpio.go:315.25,316.13 1 0
github.com/vinymeuh/chardevgpio/chardevgpio.go:321.32,323.35 2 0
github.com/vinymeuh/chardevgpio/chardevgpio.go:323.35,325.19 2 0
github.com/vinymeuh/chardevgpio/chardevgpio.go:328.5,328.30 1 0
github.com/vinymeuh/chardevgpio/chardevgpio.go:325.19,327.6 1 0
github.com/vinymeuh/chardevgpio/chardevgpio.go:328.30,330.6 1 0
github.com/vinymeuh/chardevgpio/chardevgpio.go:338.46,344.6 5 0
github.com/vinymeuh/chardevgpio/chardevgpio.go:344.6,346.17 2 0
github.com/vinymeuh/chardevgpio/chardevgpio.go:353.3,354.17 2 0
github.com/vinymeuh/chardevgpio/chardevgpio.go:357.3,357.27 1 0
github.com/vinymeuh/chardevgpio/chardevgpio.go:346.17,347.26 1 0
github.com/vinymeuh/chardevgpio/chardevgpio.go:350.4,350.20 1 0
github.com/vinymeuh/chardevgpio/chardevgpio.go:347.26,349.5 1 0
github.com/vinymeuh/chardevgpio/chardevgpio.go:354.17,356.4 1 0
github.com/vinymeuh/chardevgpio/chardevgpio.go:362.39,364.13 2 19
github.com/vinymeuh/chardevgpio/chardevgpio.go:367.2,367.22 1 19
github.com/vinymeuh/chardevgpio/chardevgpio.go:364.13,366.3 1 0
github.com/vinymeuh/chardevgpio/chardevgpio.go:372.39,374.30 2 3
github.com/vinymeuh/chardevgpio/chardevgpio.go:380.2,380.10 1 3
github.com/vinymeuh/chardevgpio/chardevgpio.go:374.30,375.14 1 38
github.com/vinymeuh/chardevgpio/chardevgpio.go:378.3,378.11 1 37
github.com/vinymeuh/chardevgpio/chardevgpio.go:375.14,376.9 1 1
