mode: atomic
github.com/vinymeuh/chardevgpio/chardevgpio.go:27.41,29.16 2 13
github.com/vinymeuh/chardevgpio/chardevgpio.go:33.2,36.16 4 12
github.com/vinymeuh/chardevgpio/chardevgpio.go:39.2,39.15 1 11
github.com/vinymeuh/chardevgpio/chardevgpio.go:29.16,31.3 1 1
github.com/vinymeuh/chardevgpio/chardevgpio.go:36.16,38.3 1 1
github.com/vinymeuh/chardevgpio/chardevgpio.go:43.29,45.2 1 1
github.com/vinymeuh/chardevgpio/chardevgpio.go:48.30,50.2 1 1
github.com/vinymeuh/chardevgpio/chardevgpio.go:53.27,55.2 1 12
github.com/vinymeuh/chardevgpio/chardevgpio.go:58.29,60.2 1 12
github.com/vinymeuh/chardevgpio/chardevgpio.go:63.54,67.16 4 17
github.com/vinymeuh/chardevgpio/chardevgpio.go:70.2,70.16 1 16
github.com/vinymeuh/chardevgpio/chardevgpio.go:67.16,69.3 1 1
github.com/vinymeuh/chardevgpio/chardevgpio.go:74.33,76.2 1 10
github.com/vinymeuh/chardevgpio/chardevgpio.go:79.34,81.2 1 10
github.com/vinymeuh/chardevgpio/chardevgpio.go:84.38,86.2 1 6
github.com/vinymeuh/chardevgpio/chardevgpio.go:89.36,91.2 1 3
github.com/vinymeuh/chardevgpio/chardevgpio.go:94.35,96.2 1 2
github.com/vinymeuh/chardevgpio/chardevgpio.go:99.39,101.2 1 6
github.com/vinymeuh/chardevgpio/chardevgpio.go:104.40,106.2 1 5
github.com/vinymeuh/chardevgpio/chardevgpio.go:109.39,111.2 1 6
github.com/vinymeuh/chardevgpio/chardevgpio.go:114.40,116.2 1 6
github.com/vinymeuh/chardevgpio/chardevgpio.go:119.36,121.2 1 0
github.com/vinymeuh/chardevgpio/chardevgpio.go:124.40,126.2 1 0
github.com/vinymeuh/chardevgpio/chardevgpio.go:129.42,131.2 1 0
github.com/vinymeuh/chardevgpio/chardevgpio.go:134.78,135.31 1 9
github.com/vinymeuh/chardevgpio/chardevgpio.go:139.2,142.25 3 8
github.com/vinymeuh/chardevgpio/chardevgpio.go:147.2,147.11 1 8
github.com/vinymeuh/chardevgpio/chardevgpio.go:135.31,136.94 1 1
github.com/vinymeuh/chardevgpio/chardevgpio.go:142.25,145.3 2 9
github.com/vinymeuh/chardevgpio/chardevgpio.go:151.71,154.2 2 2
github.com/vinymeuh/chardevgpio/chardevgpio.go:157.70,158.32 1 1
github.com/vinymeuh/chardevgpio/chardevgpio.go:162.2,162.26 1 0
github.com/vinymeuh/chardevgpio/chardevgpio.go:165.2,165.11 1 0
github.com/vinymeuh/chardevgpio/chardevgpio.go:158.32,159.93 1 1
github.com/vinymeuh/chardevgpio/chardevgpio.go:162.26,164.3 1 0
github.com/vinymeuh/chardevgpio/chardevgpio.go:169.58,171.16 2 8
github.com/vinymeuh/chardevgpio/chardevgpio.go:174.2,174.12 1 7
github.com/vinymeuh/chardevgpio/chardevgpio.go:171.16,173.3 1 1
github.com/vinymeuh/chardevgpio/chardevgpio.go:180.53,183.16 3 0
github.com/vinymeuh/chardevgpio/chardevgpio.go:187.2,187.24 1 0
github.com/vinymeuh/chardevgpio/chardevgpio.go:183.16,185.3 1 0
github.com/vinymeuh/chardevgpio/chardevgpio.go:188.9,189.58 1 0
github.com/vinymeuh/chardevgpio/chardevgpio.go:190.10,192.28 2 0
github.com/vinymeuh/chardevgpio/chardevgpio.go:195.3,195.32 1 0
github.com/vinymeuh/chardevgpio/chardevgpio.go:192.28,194.4 1 0
github.com/vinymeuh/chardevgpio/chardevgpio.go:201.65,204.24 3 0
github.com/vinymeuh/chardevgpio/chardevgpio.go:211.2,212.16 2 0
github.com/vinymeuh/chardevgpio/chardevgpio.go:215.2,215.12 1 0
github.com/vinymeuh/chardevgpio/chardevgpio.go:204.24,205.27 1 0
github.com/vinymeuh/chardevgpio/chardevgpio.go:208.3,208.37 1 0
github.com/vinymeuh/chardevgpio/chardevgpio.go:205.27,206.9 1 0
github.com/vinymeuh/chardevgpio/chardevgpio.go:212.16,214.3 1 0
github.com/vinymeuh/chardevgpio/chardevgpio.go:219.39,221.2 1 7
github.com/vinymeuh/chardevgpio/chardevgpio.go:230.44,233.2 2 1
github.com/vinymeuh/chardevgpio/chardevgpio.go:236.38,238.29 2 1
github.com/vinymeuh/chardevgpio/chardevgpio.go:241.2,241.12 1 1
github.com/vinymeuh/chardevgpio/chardevgpio.go:238.29,240.3 1 1
github.com/vinymeuh/chardevgpio/chardevgpio.go:245.97,254.16 3 1
github.com/vinymeuh/chardevgpio/chardevgpio.go:258.2,264.89 5 1
github.com/vinymeuh/chardevgpio/chardevgpio.go:267.2,269.12 2 1
github.com/vinymeuh/chardevgpio/chardevgpio.go:254.16,256.3 1 0
github.com/vinymeuh/chardevgpio/chardevgpio.go:264.89,266.3 1 0
github.com/vinymeuh/chardevgpio/chardevgpio.go:273.46,275.6 2 0
github.com/vinymeuh/chardevgpio/chardevgpio.go:275.6,277.17 2 0
github.com/vinymeuh/chardevgpio/chardevgpio.go:284.3,285.34 2 0
github.com/vinymeuh/chardevgpio/chardevgpio.go:277.17,278.25 1 0
github.com/vinymeuh/chardevgpio/chardevgpio.go:281.4,281.23 1 0
github.com/vinymeuh/chardevgpio/chardevgpio.go:278.25,279.13 1 0
github.com/vinymeuh/chardevgpio/chardevgpio.go:285.34,287.18 2 0
github.com/vinymeuh/chardevgpio/chardevgpio.go:290.4,290.23 1 0
github.com/vinymeuh/chardevgpio/chardevgpio.go:287.18,289.5 1 0
github.com/vinymeuh/chardevgpio/chardevgpio.go:300.68,302.6 2 0
github.com/vinymeuh/chardevgpio/chardevgpio.go:302.6,304.17 2 0
github.com/vinymeuh/chardevgpio/chardevgpio.go:311.3,311.32 1 0
github.com/vinymeuh/chardevgpio/chardevgpio.go:304.17,305.25 1 0
github.com/vinymeuh/chardevgpio/chardevgpio.go:308.4,308.14 1 0
github.com/vinymeuh/chardevgpio/chardevgpio.go:305.25,306.13 1 0
github.com/vinymeuh/chardevgpio/chardevgpio.go:311.32,313.35 2 0
github.com/vinymeuh/chardevgpio/chardevgpio.go:313.35,315.19 2 0
github.com/vinymeuh/chardevgpio/chardevgpio.go:318.5,318.30 1 0
github.com/vinymeuh/chardevgpio/chardevgpio.go:315.19,317.6 1 0
github.com/vinymeuh/chardevgpio/chardevgpio.go:318.30,320.6 1 0
github.com/vinymeuh/chardevgpio/chardevgpio.go:328.46,334.6 5 0
github.com/vinymeuh/chardevgpio/chardevgpio.go:334.6,336.17 2 0
github.com/vinymeuh/chardevgpio/chardevgpio.go:343.3,344.17 2 0
github.com/vinymeuh/chardevgpio/chardevgpio.go:347.3,347.27 1 0
github.com/vinymeuh/chardevgpio/chardevgpio.go:336.17,337.26 1 0
github.com/vinymeuh/chardevgpio/chardevgpio.go:340.4,340.20 1 0
github.com/vinymeuh/chardevgpio/chardevgpio.go:337.26,339.5 1 0
github.com/vinymeuh/chardevgpio/chardevgpio.go:344.17,346.4 1 0
github.com/vinymeuh/chardevgpio/chardevgpio.go:352.39,354.13 2 18
github.com/vinymeuh/chardevgpio/chardevgpio.go:357.2,357.22 1 18
github.com/vinymeuh/chardevgpio/chardevgpio.go:354.13,356.3 1 0
github.com/vinymeuh/chardevgpio/chardevgpio.go:362.39,364.30 2 3
github.com/vinymeuh/chardevgpio/chardevgpio.go:370.2,370.10 1 3
github.com/vinymeuh/chardevgpio/chardevgpio.go:364.30,365.14 1 38
github.com/vinymeuh/chardevgpio/chardevgpio.go:368.3,368.11 1 37
github.com/vinymeuh/chardevgpio/chardevgpio.go:365.14,366.9 1 1
